0 info it worked if it ends with ok
1 verbose cli [ '/usr/local/nodejs-binary-6.3.0/bin/node',
1 verbose cli   '/usr/local/bin/npm',
1 verbose cli   'start' ]
2 info using npm@3.10.3
3 info using node@v6.3.0
4 verbose run-script [ 'prestart', 'start', 'poststart' ]
5 info lifecycle docker_web_app@1.0.0~prestart: docker_web_app@1.0.0
6 silly lifecycle docker_web_app@1.0.0~prestart: no script for prestart, continuing
7 info lifecycle docker_web_app@1.0.0~start: docker_web_app@1.0.0
8 verbose lifecycle docker_web_app@1.0.0~start: unsafe-perm in lifecycle true
9 verbose lifecycle docker_web_app@1.0.0~start: PATH: /usr/local/nodejs-binary-6.3.0/lib/node_modules/npm/bin/node-gyp-bin:/predix/Desktop/nodejs-container-test/node_modules/.bin:/usr/local/nodejs-binary-6.3.0/bin:/usr/local/bin:/usr/pgsql-9.6/bin:/usr/local/nodejs-binary-6.3.0/bin:/usr/local/maven-3.3.9/bin:/usr/local/bin:/usr/pgsql-9.6/bin:/usr/lib64/qt-3.3/bin:/usr/local/nodejs-binary-6.3.0/bin:/usr/local/maven-3.3.9/bin:/usr/local/bin:/usr/local/sbin:/usr/bin:/usr/sbin:/bin:/sbin:/usr/local/go/bin:/opt/go/bin:/predix/.local/bin:/predix/bin:/usr/local/go/bin:/opt/go/bin
10 verbose lifecycle docker_web_app@1.0.0~start: CWD: /predix/Desktop/nodejs-container-test
11 silly lifecycle docker_web_app@1.0.0~start: Args: [ '-c', 'node server.js' ]
12 silly lifecycle docker_web_app@1.0.0~start: Returned: code: 1  signal: null
13 info lifecycle docker_web_app@1.0.0~start: Failed to exec start script
14 verbose stack Error: docker_web_app@1.0.0 start: `node server.js`
14 verbose stack Exit status 1
14 verbose stack     at EventEmitter.<anonymous> (/usr/local/nodejs-binary-6.3.0/lib/node_modules/npm/lib/utils/lifecycle.js:242:16)
14 verbose stack     at emitTwo (events.js:106:13)
14 verbose stack     at EventEmitter.emit (events.js:191:7)
14 verbose stack     at ChildProcess.<anonymous> (/usr/local/nodejs-binary-6.3.0/lib/node_modules/npm/lib/utils/spawn.js:40:14)
14 verbose stack     at emitTwo (events.js:106:13)
14 verbose stack     at ChildProcess.emit (events.js:191:7)
14 verbose stack     at maybeClose (internal/child_process.js:852:16)
14 verbose stack     at Process.ChildProcess._handle.onexit (internal/child_process.js:215:5)
15 verbose pkgid docker_web_app@1.0.0
16 verbose cwd /predix/Desktop/nodejs-container-test
17 error Linux 3.10.0-514.6.1.el7.x86_64
18 error argv "/usr/local/nodejs-binary-6.3.0/bin/node" "/usr/local/bin/npm" "start"
19 error node v6.3.0
20 error npm  v3.10.3
21 error code ELIFECYCLE
22 error docker_web_app@1.0.0 start: `node server.js`
22 error Exit status 1
23 error Failed at the docker_web_app@1.0.0 start script 'node server.js'.
23 error Make sure you have the latest version of node.js and npm installed.
23 error If you do, this is most likely a problem with the docker_web_app package,
23 error not with npm itself.
23 error Tell the author that this fails on your system:
23 error     node server.js
23 error You can get information on how to open an issue for this project with:
23 error     npm bugs docker_web_app
23 error Or if that isn't available, you can get their info via:
23 error     npm owner ls docker_web_app
23 error There is likely additional logging output above.
24 verbose exit [ 1, true ]
